<?xml version="1.0" encoding="UTF-8"?>
<!-- Generated by org.testng.reporters.JUnitReportReporter -->
<testsuite skipped="0" hostname="Jalarambapa" name="com.herokuapp.testsuite.LoginPageTest" tests="3" failures="0" timestamp="2022-12-13T22:37:34 GMT" time="19.051" errors="0">
  <testcase name="verifyThePasswordErrorMessage" time="6.141" classname="com.herokuapp.testsuite.LoginPageTest"/>
  <system-out>
    <![CDATA[Enter User Name [[ChromeDriver: chrome on WINDOWS (0d4144b9db1af102e46bbcf33018075e)] -> id: username] in to username field [[ChromeDriver: chrome on WINDOWS (0d4144b9db1af102e46bbcf33018075e)] -> id: username]
Enter Password[[ChromeDriver: chrome on WINDOWS (0d4144b9db1af102e46bbcf33018075e)] -> id: password] into Password Field [[ChromeDriver: chrome on WINDOWS (0d4144b9db1af102e46bbcf33018075e)] -> id: password]
Click on Login Button[[ChromeDriver: chrome on WINDOWS (0d4144b9db1af102e46bbcf33018075e)] -> xpath: //button[@type='submit']]
Verify Invalid Credential Message[[ChromeDriver: chrome on WINDOWS (0d4144b9db1af102e46bbcf33018075e)] -> xpath: //div[@id='flash-messages']]]]>
  </system-out>
  <testcase name="verifyTheUsernameErrorMessage" time="8.088" classname="com.herokuapp.testsuite.LoginPageTest"/>
  <system-out>
    <![CDATA[Enter User Name [[ChromeDriver: chrome on WINDOWS (6bec2554be1011f1a290ba1d5279234c)] -> id: username] in to username field [[ChromeDriver: chrome on WINDOWS (6bec2554be1011f1a290ba1d5279234c)] -> id: username]
Enter Password[[ChromeDriver: chrome on WINDOWS (6bec2554be1011f1a290ba1d5279234c)] -> id: password] into Password Field [[ChromeDriver: chrome on WINDOWS (6bec2554be1011f1a290ba1d5279234c)] -> id: password]
Click on Login Button[[ChromeDriver: chrome on WINDOWS (6bec2554be1011f1a290ba1d5279234c)] -> xpath: //button[@type='submit']]
Verify Invalid Credential Message[[ChromeDriver: chrome on WINDOWS (6bec2554be1011f1a290ba1d5279234c)] -> xpath: //div[@id='flash-messages']]]]>
  </system-out>
  <testcase name="UserShouldLoginSuccessfullyWithValidCredentials" time="4.822" classname="com.herokuapp.testsuite.LoginPageTest"/>
  <system-out>
    <![CDATA[Enter User Name [[ChromeDriver: chrome on WINDOWS (8365b60c0124282b299aa410a01a8147)] -> id: username] in to username field [[ChromeDriver: chrome on WINDOWS (8365b60c0124282b299aa410a01a8147)] -> id: username]
Enter Password[[ChromeDriver: chrome on WINDOWS (8365b60c0124282b299aa410a01a8147)] -> id: password] into Password Field [[ChromeDriver: chrome on WINDOWS (8365b60c0124282b299aa410a01a8147)] -> id: password]
Click on Login Button[[ChromeDriver: chrome on WINDOWS (8365b60c0124282b299aa410a01a8147)] -> xpath: //button[@type='submit']]
Get Secure Area Text [[ChromeDriver: chrome on WINDOWS (8365b60c0124282b299aa410a01a8147)] -> xpath: //h2[text()=' Secure Area']]]]>
  </system-out>
</testsuite> <!-- com.herokuapp.testsuite.LoginPageTest -->
